<?xml version="1.0" encoding="UTF-8"?>
<!-- Generated by org.testng.reporters.JUnitReportReporter -->
<testsuite hostname="asanis-MacBook-Pro.local" failures="0" tests="3" name="org.farhan.tests.HomePageTest" time="89.766" errors="0" timestamp="2024-02-01T19:15:18 WIB" skipped="0">
  <testcase classname="org.farhan.tests.HomePageTest" name="validationBangkoktoSingapura" time="23.481"/>
  <system-out/>
  <testcase classname="org.farhan.tests.HomePageTest" name="checkFilterFlight" time="4.256"/>
  <system-out/>
  <testcase classname="org.farhan.tests.HomePageTest" name="checkValidationErrorOTP" time="62.029"/>
  <system-out/>
</testsuite> <!-- org.farhan.tests.HomePageTest -->
