<?xml version="1.0" encoding="UTF-8"?>
<!-- Generated by org.testng.reporters.JUnitReportReporter -->
<testsuite hostname="asanis-MacBook-Pro.local" failures="0" tests="1" name="org.farhan.AppTest" time="9.309" errors="0" timestamp="2024-01-27T12:34:53 WIB" skipped="0">
  <testcase classname="org.farhan.AppTest" name="TestCase1" time="9.309"/>
  <system-out/>
</testsuite> <!-- org.farhan.AppTest -->
